Build started 15/03/2013 10:00:54.
     1>Project "C:\Users\c00163428\Desktop\Project\Tutorial8\Shuffleboard\Shuffleboard\Shuffleboard.vcxproj" on node 2 (build target(s)).
     1>InitializeBuildStatus:
         Creating "obj\Debug\Shuffleboard.unsuccessfulbuild" because "AlwaysCreate" was specified.
       ClCompile:
         C:\Program Files (x86)\Microsoft Visual Studio 10.0\VC\bin\CL.exe /c /Iinclude /I"C:\OgreSDK_vc10_v1-7-3\include" /I"C:\OgreSDK_vc10_v1-7-3\include\OIS" /I"C:\OgreSDK_vc10_v1-7-3\include\OGRE" /I"C:\OgreSDK_vc10_v1-7-3\Samples\Common\include" /I"C:\OgreSDK_vc10_v1-7-3\boost_1_44" /ZI /nologo /W3 /WX- /Od /Oy- /D WIN32 /D _DEBUG /D _WINDOWS /D _MBCS /Gm /EHsc /RTC1 /MDd /GS /Gy /fp:fast /Zc:wchar_t /Zc:forScope /GR /Fo"obj\Debug\\" /Fd"obj\Debug\vc100.pdb" /Gd /TP /analyze- /errorReport:prompt BaseApplication.cpp CollisionManager.cpp DebugDrawer.cpp GameApplication.cpp GameConstants.cpp Puck.cpp PuckComparer.cpp PuckManager.cpp Shuffleboard.cpp TextRenderer.cpp
         TextRenderer.cpp
     1>c:\users\c00163428\desktop\project\tutorial8\shuffleboard\shuffleboard\textrenderer.cpp(56): warning C4172: returning address of local variable or temporary
         Shuffleboard.cpp
         PuckManager.cpp
         PuckComparer.cpp
         Puck.cpp
         GameConstants.cpp
         GameApplication.cpp
         DebugDrawer.cpp
         CollisionManager.cpp
         BaseApplication.cpp
         Generating Code...
       ManifestResourceCompile:
         C:\Program Files (x86)\Microsoft SDKs\Windows\v7.0A\bin\rc.exe /nologo /fo"obj\Debug\Shuffleboard.exe.embed.manifest.res" obj\Debug\Shuffleboard_manifest.rc 
       Link:
         C:\Program Files (x86)\Microsoft Visual Studio 10.0\VC\bin\link.exe /ERRORREPORT:PROMPT /OUT:"bin\Debug\\Shuffleboard.exe" /INCREMENTAL /NOLOGO /LIBPATH:"C:\OgreSDK_vc10_v1-7-3\lib\debug" /LIBPATH:"C:\OgreSDK_vc10_v1-7-3\boost_1_44\lib" OgreMain_d.lib OIS_d.lib kernel32.lib user32.lib gdi32.lib winspool.lib comdlg32.lib advapi32.lib shell32.lib ole32.lib oleaut32.lib uuid.lib odbc32.lib odbccp32.lib /MANIFEST /ManifestFile:"obj\Debug\Shuffleboard.exe.intermediate.manifest" /MANIFESTUAC:"level='asInvoker' uiAccess='false'" /DEBUG /PDB:"bin\Debug\/Shuffleboard.pdb" /SUBSYSTEM:WINDOWS /TLBID:1 /DYNAMICBASE /NXCOMPAT /IMPLIB:"bin\Debug\Shuffleboard.lib" /MACHINE:X86 obj\Debug\Shuffleboard.exe.embed.manifest.res
         obj\Debug\BaseApplication.obj
         obj\Debug\CollisionManager.obj
         obj\Debug\DebugDrawer.obj
         obj\Debug\GameApplication.obj
         obj\Debug\GameConstants.obj
         obj\Debug\Puck.obj
         obj\Debug\PuckComparer.obj
         obj\Debug\PuckManager.obj
         obj\Debug\Shuffleboard.obj
         obj\Debug\TextRenderer.obj
         LINK : bin\Debug\\Shuffleboard.exe not found or not built by the last incremental link; performing full link
       Manifest:
         C:\Program Files (x86)\Microsoft SDKs\Windows\v7.0A\bin\mt.exe /nologo /verbose /out:"obj\Debug\Shuffleboard.exe.embed.manifest" /manifest obj\Debug\Shuffleboard.exe.intermediate.manifest
         All outputs are up-to-date.
       LinkEmbedManifest:
         All outputs are up-to-date.
         Shuffleboard.vcxproj -> C:\Users\c00163428\Desktop\Project\Tutorial8\Shuffleboard\Shuffleboard\bin\Debug\Shuffleboard.exe
       PostBuildEvent:
         Description: Copying exe to samples bin directory ...
         copy "bin\Debug\\Shuffleboard.exe" "C:\OgreSDK_vc10_v1-7-3\Bin\Debug"
         :VCEnd
                 1 file(s) copied.
       FinalizeBuildStatus:
         Deleting file "obj\Debug\Shuffleboard.unsuccessfulbuild".
         Touching "obj\Debug\Shuffleboard.lastbuildstate".
     1>Done Building Project "C:\Users\c00163428\Desktop\Project\Tutorial8\Shuffleboard\Shuffleboard\Shuffleboard.vcxproj" (build target(s)).

Build succeeded.

Time Elapsed 00:02:31.59
