bin\Debug\Shuffleboard.ilk
bin\Debug\Shuffleboard.pdb
C:\USERS\C00163428\DESKTOP\TUTORIAL7\TUTORIAL7\SHUFFLEBOARD\SHUFFLEBOARD\OBJ\DEBUG\VC100.PDB
C:\USERS\C00163428\DESKTOP\TUTORIAL8\TUTORIAL8\SHUFFLEBOARD\SHUFFLEBOARD\BIN\DEBUG\SHUFFLEBOARD.EXE
C:\USERS\C00163428\DESKTOP\TUTORIAL8\TUTORIAL8\SHUFFLEBOARD\SHUFFLEBOARD\BIN\DEBUG\SHUFFLEBOARD.ILK
C:\USERS\C00163428\DESKTOP\TUTORIAL8\TUTORIAL8\SHUFFLEBOARD\SHUFFLEBOARD\BIN\DEBUG\SHUFFLEBOARD.PDB
C:\USERS\C00163428\DESKTOP\TUTORIAL8\TUTORIAL8\SHUFFLEBOARD\SHUFFLEBOARD\OBJ\DEBUG\BASEAPPLICATION.OBJ
C:\Users\c00163428\Desktop\Tutorial8\Tutorial8\Shuffleboard\Shuffleboard\obj\Debug\cl.command.1.tlog
C:\Users\c00163428\Desktop\Tutorial8\Tutorial8\Shuffleboard\Shuffleboard\obj\Debug\CL.read.1.tlog
C:\Users\c00163428\Desktop\Tutorial8\Tutorial8\Shuffleboard\Shuffleboard\obj\Debug\CL.write.1.tlog
C:\USERS\C00163428\DESKTOP\TUTORIAL8\TUTORIAL8\SHUFFLEBOARD\SHUFFLEBOARD\OBJ\DEBUG\COLLISIONMANAGER.OBJ
C:\USERS\C00163428\DESKTOP\TUTORIAL8\TUTORIAL8\SHUFFLEBOARD\SHUFFLEBOARD\OBJ\DEBUG\DEBUGDRAWER.OBJ
C:\USERS\C00163428\DESKTOP\TUTORIAL8\TUTORIAL8\SHUFFLEBOARD\SHUFFLEBOARD\OBJ\DEBUG\GAMEAPPLICATION.OBJ
C:\USERS\C00163428\DESKTOP\TUTORIAL8\TUTORIAL8\SHUFFLEBOARD\SHUFFLEBOARD\OBJ\DEBUG\GAMECONSTANTS.OBJ
C:\Users\c00163428\Desktop\Tutorial8\Tutorial8\Shuffleboard\Shuffleboard\obj\Debug\link.5648.read.1.tlog
C:\Users\c00163428\Desktop\Tutorial8\Tutorial8\Shuffleboard\Shuffleboard\obj\Debug\link.5648.write.1.tlog
C:\Users\c00163428\Desktop\Tutorial8\Tutorial8\Shuffleboard\Shuffleboard\obj\Debug\link.5648-cvtres.read.1.tlog
C:\Users\c00163428\Desktop\Tutorial8\Tutorial8\Shuffleboard\Shuffleboard\obj\Debug\link.5648-cvtres.write.1.tlog
C:\Users\c00163428\Desktop\Tutorial8\Tutorial8\Shuffleboard\Shuffleboard\obj\Debug\link.command.1.tlog
C:\Users\c00163428\Desktop\Tutorial8\Tutorial8\Shuffleboard\Shuffleboard\obj\Debug\link.read.1.tlog
C:\Users\c00163428\Desktop\Tutorial8\Tutorial8\Shuffleboard\Shuffleboard\obj\Debug\link.write.1.tlog
C:\Users\c00163428\Desktop\Tutorial8\Tutorial8\Shuffleboard\Shuffleboard\obj\Debug\link-cvtres.read.1.tlog
C:\Users\c00163428\Desktop\Tutorial8\Tutorial8\Shuffleboard\Shuffleboard\obj\Debug\link-cvtres.write.1.tlog
C:\Users\c00163428\Desktop\Tutorial8\Tutorial8\Shuffleboard\Shuffleboard\obj\Debug\mt.command.1.tlog
C:\Users\c00163428\Desktop\Tutorial8\Tutorial8\Shuffleboard\Shuffleboard\obj\Debug\mt.read.1.tlog
C:\Users\c00163428\Desktop\Tutorial8\Tutorial8\Shuffleboard\Shuffleboard\obj\Debug\mt.write.1.tlog
C:\USERS\C00163428\DESKTOP\TUTORIAL8\TUTORIAL8\SHUFFLEBOARD\SHUFFLEBOARD\OBJ\DEBUG\PUCK.OBJ
C:\USERS\C00163428\DESKTOP\TUTORIAL8\TUTORIAL8\SHUFFLEBOARD\SHUFFLEBOARD\OBJ\DEBUG\PUCKCOMPARER.OBJ
C:\USERS\C00163428\DESKTOP\TUTORIAL8\TUTORIAL8\SHUFFLEBOARD\SHUFFLEBOARD\OBJ\DEBUG\PUCKMANAGER.OBJ
C:\Users\c00163428\Desktop\Tutorial8\Tutorial8\Shuffleboard\Shuffleboard\obj\Debug\rc.command.1.tlog
C:\Users\c00163428\Desktop\Tutorial8\Tutorial8\Shuffleboard\Shuffleboard\obj\Debug\rc.read.1.tlog
C:\Users\c00163428\Desktop\Tutorial8\Tutorial8\Shuffleboard\Shuffleboard\obj\Debug\rc.write.1.tlog
C:\USERS\C00163428\DESKTOP\TUTORIAL8\TUTORIAL8\SHUFFLEBOARD\SHUFFLEBOARD\OBJ\DEBUG\SHUFFLEBOARD.EXE.EMBED.MANIFEST
C:\USERS\C00163428\DESKTOP\TUTORIAL8\TUTORIAL8\SHUFFLEBOARD\SHUFFLEBOARD\OBJ\DEBUG\SHUFFLEBOARD.EXE.EMBED.MANIFEST.RES
C:\USERS\C00163428\DESKTOP\TUTORIAL8\TUTORIAL8\SHUFFLEBOARD\SHUFFLEBOARD\OBJ\DEBUG\SHUFFLEBOARD.EXE.INTERMEDIATE.MANIFEST
C:\USERS\C00163428\DESKTOP\TUTORIAL8\TUTORIAL8\SHUFFLEBOARD\SHUFFLEBOARD\OBJ\DEBUG\SHUFFLEBOARD.OBJ
C:\Users\c00163428\Desktop\Tutorial8\Tutorial8\Shuffleboard\Shuffleboard\obj\Debug\Shuffleboard_manifest.rc
C:\USERS\C00163428\DESKTOP\TUTORIAL8\TUTORIAL8\SHUFFLEBOARD\SHUFFLEBOARD\OBJ\DEBUG\TEXTRENDERER.OBJ
C:\Users\c00163428\Desktop\Tutorial8\Tutorial8\Shuffleboard\Shuffleboard\obj\Debug\vc100.idb
C:\USERS\C00163428\DESKTOP\TUTORIAL8\TUTORIAL8\SHUFFLEBOARD\SHUFFLEBOARD\OBJ\DEBUG\VC100.PDB
